# JRE version: Java(TM) SE Runtime Environment (7.0_51-b13) (build 1.7.0_51-b13)
# Java VM: Java HotSpot(TM) 64-Bit Server VM (24.51-b03 mixed mode windows-amd64 compressed oops)
Heap
 PSYoungGen      total 153600K, used 153111K [0x00000000eaa80000, 0x00000000fde80000, 0x0000000100000000)
  eden space 133632K, 100% used [0x00000000eaa80000,0x00000000f2d00000,0x00000000f2d00000)
  from space 19968K, 97% used [0x00000000f2d00000,0x00000000f4005ed8,0x00000000f4080000)
  to   space 90624K, 32% used [0x00000000f8600000,0x00000000fa2fcad8,0x00000000fde80000)
 ParOldGen       total 363520K, used 177502K [0x00000000c0000000, 0x00000000d6300000, 0x00000000eaa80000)
  object space 363520K, 48% used [0x00000000c0000000,0x00000000cad57990,0x00000000d6300000)
 PSPermGen       total 213504K, used 182226K [0x00000000b0000000, 0x00000000bd080000, 0x00000000c0000000)
  object space 213504K, 85% used [0x00000000b0000000,0x00000000bb1f4a48,0x00000000bd080000)
GC Heap History (10 events):
Event: 6857.689 GC heap after
Heap after GC invocations=110 (full 28):
 PSYoungGen      total 213504K, used 71322K [0x00000000eaa80000, 0x00000000fe180000, 0x0000000100000000)
  eden space 133120K, 0% used [0x00000000eaa80000,0x00000000eaa80000,0x00000000f2c80000)
  from space 80384K, 88% used [0x00000000f8300000,0x00000000fc8a6970,0x00000000fd180000)
  to   space 88576K, 0% used [0x00000000f2c80000,0x00000000f2c80000,0x00000000f8300000)
 ParOldGen       total 363520K, used 170627K [0x00000000c0000000, 0x00000000d6300000, 0x00000000eaa80000)
  object space 363520K, 46% used [0x00000000c0000000,0x00000000ca6a0d70,0x00000000d6300000)
 PSPermGen       total 178688K, used 171298K [0x00000000b0000000, 0x00000000bae80000, 0x00000000c0000000)
  object space 178688K, 95% used [0x00000000b0000000,0x00000000ba748aa8,0x00000000bae80000)
}
Event: 6857.803 GC heap before
{Heap before GC invocations=111 (full 28):
 PSYoungGen      total 213504K, used 75050K [0x00000000eaa80000, 0x00000000fe180000, 0x0000000100000000)
  eden space 133120K, 2% used [0x00000000eaa80000,0x00000000eae24250,0x00000000f2c80000)
  from space 80384K, 88% used [0x00000000f8300000,0x00000000fc8a6970,0x00000000fd180000)
  to   space 88576K, 0% used [0x00000000f2c80000,0x00000000f2c80000,0x00000000f8300000)
 ParOldGen       total 363520K, used 170627K [0x00000000c0000000, 0x00000000d6300000, 0x00000000eaa80000)
  object space 363520K, 46% used [0x00000000c0000000,0x00000000ca6a0d70,0x00000000d6300000)
 PSPermGen       total 178688K, used 171335K [0x00000000b0000000, 0x00000000bae80000, 0x00000000c0000000)
  object space 178688K, 95% used [0x00000000b0000000,0x00000000ba751fc0,0x00000000bae80000)
Event: 6857.838 GC heap after
Heap after GC invocations=111 (full 28):
 PSYoungGen      total 221696K, used 63678K [0x00000000eaa80000, 0x00000000fe880000, 0x0000000100000000)
  eden space 133120K, 0% used [0x00000000eaa80000,0x00000000eaa80000,0x00000000f2c80000)
  from space 88576K, 71% used [0x00000000f2c80000,0x00000000f6aafa98,0x00000000f8300000)
  to   space 92160K, 0% used [0x00000000f8e80000,0x00000000f8e80000,0x00000000fe880000)
 ParOldGen       total 363520K, used 170627K [0x00000000c0000000, 0x00000000d6300000, 0x00000000eaa80000)
  object space 363520K, 46% used [0x00000000c0000000,0x00000000ca6a0d70,0x00000000d6300000)
 PSPermGen       total 178688K, used 171335K [0x00000000b0000000, 0x00000000bae80000, 0x00000000c0000000)
  object space 178688K, 95% used [0x00000000b0000000,0x00000000ba751fc0,0x00000000bae80000)
}
Event: 6857.838 GC heap before
{Heap before GC invocations=112 (full 29):
 PSYoungGen      total 221696K, used 63678K [0x00000000eaa80000, 0x00000000fe880000, 0x0000000100000000)
  eden space 133120K, 0% used [0x00000000eaa80000,0x00000000eaa80000,0x00000000f2c80000)
  from space 88576K, 71% used [0x00000000f2c80000,0x00000000f6aafa98,0x00000000f8300000)
  to   space 92160K, 0% used [0x00000000f8e80000,0x00000000f8e80000,0x00000000fe880000)
 ParOldGen       total 363520K, used 170627K [0x00000000c0000000, 0x00000000d6300000, 0x00000000eaa80000)
  object space 363520K, 46% used [0x00000000c0000000,0x00000000ca6a0d70,0x00000000d6300000)
 PSPermGen       total 178688K, used 171335K [0x00000000b0000000, 0x00000000bae80000, 0x00000000c0000000)
  object space 178688K, 95% used [0x00000000b0000000,0x00000000ba751fc0,0x00000000bae80000)
Event: 6858.466 GC heap after
Heap after GC invocations=112 (full 29):
 PSYoungGen      total 221696K, used 0K [0x00000000eaa80000, 0x00000000fe880000, 0x0000000100000000)
  eden space 133120K, 0% used [0x00000000eaa80000,0x00000000eaa80000,0x00000000f2c80000)
  from space 88576K, 0% used [0x00000000f2c80000,0x00000000f2c80000,0x00000000f8300000)
  to   space 92160K, 0% used [0x00000000f8e80000,0x00000000f8e80000,0x00000000fe880000)
 ParOldGen       total 363520K, used 177502K [0x00000000c0000000, 0x00000000d6300000, 0x00000000eaa80000)
  object space 363520K, 48% used [0x00000000c0000000,0x00000000cad57990,0x00000000d6300000)
 PSPermGen       total 213504K, used 168949K [0x00000000b0000000, 0x00000000bd080000, 0x00000000c0000000)
  object space 213504K, 79% used [0x00000000b0000000,0x00000000ba4fd4f8,0x00000000bd080000)
}
Event: 6921.982 GC heap before
{Heap before GC invocations=113 (full 29):
 PSYoungGen      total 221696K, used 133120K [0x00000000eaa80000, 0x00000000fe880000, 0x0000000100000000)
  eden space 133120K, 100% used [0x00000000eaa80000,0x00000000f2c80000,0x00000000f2c80000)
  from space 88576K, 0% used [0x00000000f2c80000,0x00000000f2c80000,0x00000000f8300000)
  to   space 92160K, 0% used [0x00000000f8e80000,0x00000000f8e80000,0x00000000fe880000)
 ParOldGen       total 363520K, used 177502K [0x00000000c0000000, 0x00000000d6300000, 0x00000000eaa80000)
  object space 363520K, 48% used [0x00000000c0000000,0x00000000cad57990,0x00000000d6300000)
 PSPermGen       total 213504K, used 173264K [0x00000000b0000000, 0x00000000bd080000, 0x00000000c0000000)
  object space 213504K, 81% used [0x00000000b0000000,0x00000000ba9341b8,0x00000000bd080000)
Event: 6922.003 GC heap after
Heap after GC invocations=113 (full 29):
 PSYoungGen      total 218112K, used 14167K [0x00000000eaa80000, 0x00000000fe100000, 0x0000000100000000)
  eden space 133632K, 0% used [0x00000000eaa80000,0x00000000eaa80000,0x00000000f2d00000)
  from space 84480K, 16% used [0x00000000f8e80000,0x00000000f9c55e78,0x00000000fe100000)
  to   space 92160K, 0% used [0x00000000f2d00000,0x00000000f2d00000,0x00000000f8700000)
 ParOldGen       total 363520K, used 177502K [0x00000000c0000000, 0x00000000d6300000, 0x00000000eaa80000)
  object space 363520K, 48% used [0x00000000c0000000,0x00000000cad57990,0x00000000d6300000)
 PSPermGen       total 213504K, used 173264K [0x00000000b0000000, 0x00000000bd080000, 0x00000000c0000000)
  object space 213504K, 81% used [0x00000000b0000000,0x00000000ba9341b8,0x00000000bd080000)
}
Event: 6972.741 GC heap before
{Heap before GC invocations=114 (full 29):
 PSYoungGen      total 218112K, used 147799K [0x00000000eaa80000, 0x00000000fe100000, 0x0000000100000000)
  eden space 133632K, 100% used [0x00000000eaa80000,0x00000000f2d00000,0x00000000f2d00000)
  from space 84480K, 16% used [0x00000000f8e80000,0x00000000f9c55e78,0x00000000fe100000)
  to   space 92160K, 0% used [0x00000000f2d00000,0x00000000f2d00000,0x00000000f8700000)
 ParOldGen       total 363520K, used 177502K [0x00000000c0000000, 0x00000000d6300000, 0x00000000eaa80000)
  object space 363520K, 48% used [0x00000000c0000000,0x00000000cad57990,0x00000000d6300000)
 PSPermGen       total 213504K, used 176569K [0x00000000b0000000, 0x00000000bd080000, 0x00000000c0000000)
  object space 213504K, 82% used [0x00000000b0000000,0x00000000bac6e5f0,0x00000000bd080000)
Event: 6972.757 GC heap after
Heap after GC invocations=114 (full 29):
 PSYoungGen      total 153600K, used 19479K [0x00000000eaa80000, 0x00000000fde80000, 0x0000000100000000)
  eden space 133632K, 0% used [0x00000000eaa80000,0x00000000eaa80000,0x00000000f2d00000)
  from space 19968K, 97% used [0x00000000f2d00000,0x00000000f4005ed8,0x00000000f4080000)
  to   space 90624K, 0% used [0x00000000f8600000,0x00000000f8600000,0x00000000fde80000)
 ParOldGen       total 363520K, used 177502K [0x00000000c0000000, 0x00000000d6300000, 0x00000000eaa80000)
  object space 363520K, 48% used [0x00000000c0000000,0x00000000cad57990,0x00000000d6300000)
 PSPermGen       total 213504K, used 176569K [0x00000000b0000000, 0x00000000bd080000, 0x00000000c0000000)
  object space 213504K, 82% used [0x00000000b0000000,0x00000000bac6e5f0,0x00000000bd080000)
}
Event: 6973.712 GC heap before
{Heap before GC invocations=115 (full 29):
 PSYoungGen      total 153600K, used 153111K [0x00000000eaa80000, 0x00000000fde80000, 0x0000000100000000)
  eden space 133632K, 100% used [0x00000000eaa80000,0x00000000f2d00000,0x00000000f2d00000)
  from space 19968K, 97% used [0x00000000f2d00000,0x00000000f4005ed8,0x00000000f4080000)
  to   space 90624K, 0% used [0x00000000f8600000,0x00000000f8600000,0x00000000fde80000)
 ParOldGen       total 363520K, used 177502K [0x00000000c0000000, 0x00000000d6300000, 0x00000000eaa80000)
  object space 363520K, 48% used [0x00000000c0000000,0x00000000cad57990,0x00000000d6300000)
 PSPermGen       total 213504K, used 182226K [0x00000000b0000000, 0x00000000bd080000, 0x00000000c0000000)
  object space 213504K, 85% used [0x00000000b0000000,0x00000000bb1f4a48,0x00000000bd080000)

